


materialPath: C:\Program Files (x86)\Steam\steamapps\common\GarrysMod\garrysmod\materials
Loading C:\Users\wised\Documents\SrcDS Servers\GMod Workspace\steamapps\common\GarrysModDS\garrysmod\addons\stacker\gamemodes\stacker\content\maps\stacker_generic.vmf
fixing up env_cubemap materials on brush sides...
0...1...2...3...4...5...6...7...8...9...10WARNING: BSP node with unbounded volume (material: <NO BRUSH>, near (-2056.000000, 2056.000000, 16400.000000))
WARNING: BSP node with unbounded volume (material: <NO BRUSH>, near (-2056.000000, 2056.000000, 16400.000000))
WARNING: BSP node with unbounded volume (material: <NO BRUSH>, near (-0.000000, 0.000000, -208.000000))
WARNING: BSP node with unbounded volume (material: <NO BRUSH>, near (0.000000, 2056.000000, 16400.000000))
WARNING: BSP node with unbounded volume (material: <NO BRUSH>, near (2048.000000, 2048.000000, -208.000000))
WARNING: BSP node with unbounded volume (material: <NO BRUSH>, near (-0.000000, 2048.000000, -208.000000))
WARNING: BSP node with unbounded volume (material: <NO BRUSH>, near (2048.000000, 2056.000000, 16400.000000))
WARNING: BSP node with unbounded volume (material: <NO BRUSH>, near (0.000000, 2056.000000, 16400.000000))
WARNING: BSP node with unbounded volume (material: <NO BRUSH>, near (-0.000000, 2048.000000, -208.000000))
WARNING: BSP node with unbounded volume (material: <NO BRUSH>, near (2048.000000, 0.000000, -208.000000))
WARNING: BSP node with unbounded volume (material: <NO BRUSH>, near (2048.000000, 2048.000000, 16400.000000))
WARNING: BSP node with unbounded volume (material: <NO BRUSH>, near (2048.000000, 1024.000000, -208.000000))
WARNING: BSP node with unbounded volume (material: <NO BRUSH>, near (2048.000000, 1024.000000, -208.000000))
WARNING: BSP node with unbounded volume (material: <NO BRUSH>, near (-0.000000, 2048.000000, -208.000000))
WARNING: BSP node with unbounded volume (material: CONCRETE/CONCRETEFLOOR001A, near (1024.000000, 1024.000000, -208.000000))
WARNING: BSP node with unbounded volume (material: <NO BRUSH>, near (1536.000000, 2048.000000, -208.000000))
WARNING: BSP node with unbounded volume (material: TOOLS/TOOLSSKYBOX, near (1024.000000, 2048.000000, 16400.000000))



8 threads
reading c:\users\wised\documents\srcds servers\gmod workspace\steamapps\common\garrysmodds\garrysmod\addons\stacker\gamemodes\stacker\content\maps\stacker_generic.bsp
Error opening c:\users\wised\documents\srcds servers\gmod workspace\steamapps\common\garrysmodds\garrysmod\addons\stacker\gamemodes\stacker\content\maps\stacker_generic.bsp


[Reading texlights from 'lights.rad']
[45 texlights parsed from 'lights.rad']

Loading c:\users\wised\documents\srcds servers\gmod workspace\steamapps\common\garrysmodds\garrysmod\addons\stacker\gamemodes\stacker\content\maps\stacker_generic.bsp
Error opening c:\users\wised\documents\srcds servers\gmod workspace\steamapps\common\garrysmodds\garrysmod\addons\stacker\gamemodes\stacker\content\maps\stacker_generic.bsp


materialPath: C:\Program Files (x86)\Steam\steamapps\common\GarrysMod\garrysmod\materials
Loading C:\Users\wised\Documents\SrcDS Servers\GMod Workspace\steamapps\common\GarrysModDS\garrysmod\addons\stacker\gamemodes\stacker\content\maps\stacker_generic.vmf
fixing up env_cubemap materials on brush sides...
0...1...2...3...4...5...6...7...8...9...10WARNING: BSP node with unbounded volume (material: <NO BRUSH>, near (-2056.000000, 2056.000000, 16400.000000))
WARNING: BSP node with unbounded volume (material: <NO BRUSH>, near (-2056.000000, 2056.000000, 16400.000000))
WARNING: BSP node with unbounded volume (material: <NO BRUSH>, near (-0.000000, 0.000000, -208.000000))
WARNING: BSP node with unbounded volume (material: <NO BRUSH>, near (0.000000, 2056.000000, 16400.000000))
WARNING: BSP node with unbounded volume (material: <NO BRUSH>, near (2048.000000, 2048.000000, -208.000000))
WARNING: BSP node with unbounded volume (material: <NO BRUSH>, near (-0.000000, 2048.000000, -208.000000))
WARNING: BSP node with unbounded volume (material: <NO BRUSH>, near (2048.000000, 2056.000000, 16400.000000))
WARNING: BSP node with unbounded volume (material: <NO BRUSH>, near (0.000000, 2056.000000, 16400.000000))
WARNING: BSP node with unbounded volume (material: <NO BRUSH>, near (-0.000000, 2048.000000, -208.000000))
WARNING: BSP node with unbounded volume (material: <NO BRUSH>, near (2048.000000, 0.000000, -208.000000))
WARNING: BSP node with unbounded volume (material: <NO BRUSH>, near (2048.000000, 2048.000000, 16400.000000))
WARNING: BSP node with unbounded volume (material: <NO BRUSH>, near (2048.000000, 1024.000000, -208.000000))
WARNING: BSP node with unbounded volume (material: <NO BRUSH>, near (2048.000000, 1024.000000, -208.000000))
WARNING: BSP node with unbounded volume (material: <NO BRUSH>, near (-0.000000, 2048.000000, -208.000000))
WARNING: BSP node with unbounded volume (material: CONCRETE/CONCRETEFLOOR001A, near (1024.000000, 1024.000000, -208.000000))
WARNING: BSP node with unbounded volume (material: <NO BRUSH>, near (1536.000000, 2048.000000, -208.000000))
WARNING: BSP node with unbounded volume (material: TOOLS/TOOLSSKYBOX, near (1024.000000, 2048.000000, 16400.000000))
WARNING: BSP node with unbounded volume (material: CONCRETE/CONCRETEFLOOR001A, near (1536.000000, 2048.000000, -208.000000))
WARNING: BSP node with unbounded volume (material: <NO BRUSH>, near (1024.000000, 2048.000000, 16400.000000))
WARNING: BSP node with unbounded volume (material: TOOLS/TOOLSNODRAW, near (1024.000000, 1472.000000, 16400.000000))



8 threads
reading c:\users\wised\documents\srcds servers\gmod workspace\steamapps\common\garrysmodds\garrysmod\addons\stacker\gamemodes\stacker\content\maps\stacker_generic.bsp
Error opening c:\users\wised\documents\srcds servers\gmod workspace\steamapps\common\garrysmodds\garrysmod\addons\stacker\gamemodes\stacker\content\maps\stacker_generic.bsp


[Reading texlights from 'lights.rad']
[45 texlights parsed from 'lights.rad']

Loading c:\users\wised\documents\srcds servers\gmod workspace\steamapps\common\garrysmodds\garrysmod\addons\stacker\gamemodes\stacker\content\maps\stacker_generic.bsp
Error opening c:\users\wised\documents\srcds servers\gmod workspace\steamapps\common\garrysmodds\garrysmod\addons\stacker\gamemodes\stacker\content\maps\stacker_generic.bsp


materialPath: C:\Program Files (x86)\Steam\steamapps\common\GarrysMod\garrysmod\materials
Loading C:\Users\wised\Documents\SrcDS Servers\GMod Workspace\steamapps\common\GarrysModDS\garrysmod\addons\stacker\gamemodes\stacker\content\maps\stacker_generic.vmf
fixing up env_cubemap materials on brush sides...
0...1...2...3...4...5...6...7...8...9...10WARNING: BSP node with unbounded volume (material: <NO BRUSH>, near (-2056.000000, 2056.000000, 16400.000000))
WARNING: BSP node with unbounded volume (material: <NO BRUSH>, near (-2056.000000, 2056.000000, 16400.000000))
WARNING: BSP node with unbounded volume (material: <NO BRUSH>, near (-0.000000, 0.000000, -208.000000))
WARNING: BSP node with unbounded volume (material: <NO BRUSH>, near (0.000000, 2056.000000, 16400.000000))
WARNING: BSP node with unbounded volume (material: <NO BRUSH>, near (2048.000000, 2048.000000, -208.000000))
WARNING: BSP node with unbounded volume (material: <NO BRUSH>, near (-0.000000, 2048.000000, -208.000000))
WARNING: BSP node with unbounded volume (material: <NO BRUSH>, near (2048.000000, 2056.000000, 16400.000000))
WARNING: BSP node with unbounded volume (material: <NO BRUSH>, near (0.000000, 2056.000000, 16400.000000))
WARNING: BSP node with unbounded volume (material: <NO BRUSH>, near (-0.000000, 2048.000000, -208.000000))
WARNING: BSP node with unbounded volume (material: <NO BRUSH>, near (2048.000000, 0.000000, -208.000000))
WARNING: BSP node with unbounded volume (material: <NO BRUSH>, near (2048.000000, 2048.000000, 16400.000000))
WARNING: BSP node with unbounded volume (material: <NO BRUSH>, near (2048.000000, 1024.000000, -208.000000))
WARNING: BSP node with unbounded volume (material: <NO BRUSH>, near (2048.000000, 1024.000000, -208.000000))
WARNING: BSP node with unbounded volume (material: <NO BRUSH>, near (-0.000000, 2048.000000, -208.000000))
WARNING: BSP node with unbounded volume (material: CONCRETE/CONCRETEFLOOR001A, near (1024.000000, 1024.000000, -208.000000))
WARNING: BSP node with unbounded volume (material: <NO BRUSH>, near (1536.000000, 2048.000000, -208.000000))
WARNING: BSP node with unbounded volume (material: TOOLS/TOOLSSKYBOX, near (1024.000000, 2048.000000, 16400.000000))
WARNING: BSP node with unbounded volume (material: CONCRETE/CONCRETEFLOOR001A, near (1536.000000, 2048.000000, -208.000000))
WARNING: BSP node with unbounded volume (material: <NO BRUSH>, near (1024.000000, 2048.000000, 16400.000000))
WARNING: BSP node with unbounded volume (material: TOOLS/TOOLSNODRAW, near (1024.000000, 1472.000000, 16400.000000))



8 threads
reading c:\users\wised\documents\srcds servers\gmod workspace\steamapps\common\garrysmodds\garrysmod\addons\stacker\gamemodes\stacker\content\maps\stacker_generic.bsp
Error opening c:\users\wised\documents\srcds servers\gmod workspace\steamapps\common\garrysmodds\garrysmod\addons\stacker\gamemodes\stacker\content\maps\stacker_generic.bsp


[Reading texlights from 'lights.rad']
[45 texlights parsed from 'lights.rad']

Loading c:\users\wised\documents\srcds servers\gmod workspace\steamapps\common\garrysmodds\garrysmod\addons\stacker\gamemodes\stacker\content\maps\stacker_generic.bsp
Error opening c:\users\wised\documents\srcds servers\gmod workspace\steamapps\common\garrysmodds\garrysmod\addons\stacker\gamemodes\stacker\content\maps\stacker_generic.bsp


materialPath: C:\Program Files (x86)\Steam\steamapps\common\GarrysMod\garrysmod\materials
Loading C:\Users\wised\Documents\SrcDS Servers\GMod Workspace\steamapps\common\GarrysModDS\garrysmod\addons\stacker\gamemodes\stacker\content\maps\stacker_generic.vmf
fixing up env_cubemap materials on brush sides...
0...1...2...3...4...5...6...7...8...9...10WARNING: BSP node with unbounded volume (material: <NO BRUSH>, near (-2056.000000, 2056.000000, 16400.000000))
WARNING: BSP node with unbounded volume (material: <NO BRUSH>, near (-2056.000000, 2056.000000, 16400.000000))
WARNING: BSP node with unbounded volume (material: <NO BRUSH>, near (-0.000000, 0.000000, -208.000000))
WARNING: BSP node with unbounded volume (material: <NO BRUSH>, near (0.000000, 2056.000000, 16400.000000))
WARNING: BSP node with unbounded volume (material: <NO BRUSH>, near (2048.000000, 2048.000000, -208.000000))
WARNING: BSP node with unbounded volume (material: <NO BRUSH>, near (-0.000000, 2048.000000, -208.000000))
WARNING: BSP node with unbounded volume (material: <NO BRUSH>, near (2048.000000, 2056.000000, 16400.000000))
WARNING: BSP node with unbounded volume (material: <NO BRUSH>, near (0.000000, 2056.000000, 16400.000000))
WARNING: BSP node with unbounded volume (material: <NO BRUSH>, near (-0.000000, 2048.000000, -208.000000))
WARNING: BSP node with unbounded volume (material: <NO BRUSH>, near (2048.000000, 0.000000, -208.000000))
WARNING: BSP node with unbounded volume (material: <NO BRUSH>, near (2048.000000, 2048.000000, 16400.000000))
WARNING: BSP node with unbounded volume (material: <NO BRUSH>, near (2048.000000, 1024.000000, -208.000000))
WARNING: BSP node with unbounded volume (material: <NO BRUSH>, near (2048.000000, 1024.000000, -208.000000))
WARNING: BSP node with unbounded volume (material: <NO BRUSH>, near (-0.000000, 2048.000000, -208.000000))
WARNING: BSP node with unbounded volume (material: CONCRETE/CONCRETEFLOOR001A, near (1024.000000, 1024.000000, -208.000000))
WARNING: BSP node with unbounded volume (material: <NO BRUSH>, near (1536.000000, 2048.000000, -208.000000))
WARNING: BSP node with unbounded volume (material: TOOLS/TOOLSSKYBOX, near (1024.000000, 2048.000000, 16400.000000))
WARNING: BSP node with unbounded volume (material: CONCRETE/CONCRETEFLOOR001A, near (1536.000000, 2048.000000, -208.000000))
WARNING: BSP node with unbounded volume (material: <NO BRUSH>, near (1024.000000, 2048.000000, 16400.000000))
WARNING: BSP node with unbounded volume (material: TOOLS/TOOLSNODRAW, near (1024.000000, 1472.000000, 16400.000000))



8 threads
reading c:\users\wised\documents\srcds servers\gmod workspace\steamapps\common\garrysmodds\garrysmod\addons\stacker\gamemodes\stacker\content\maps\stacker_generic.bsp
Error opening c:\users\wised\documents\srcds servers\gmod workspace\steamapps\common\garrysmodds\garrysmod\addons\stacker\gamemodes\stacker\content\maps\stacker_generic.bsp


[Reading texlights from 'lights.rad']
[45 texlights parsed from 'lights.rad']

Loading c:\users\wised\documents\srcds servers\gmod workspace\steamapps\common\garrysmodds\garrysmod\addons\stacker\gamemodes\stacker\content\maps\stacker_generic.bsp
Error opening c:\users\wised\documents\srcds servers\gmod workspace\steamapps\common\garrysmodds\garrysmod\addons\stacker\gamemodes\stacker\content\maps\stacker_generic.bsp


materialPath: C:\Program Files (x86)\Steam\steamapps\common\GarrysMod\garrysmod\materials
Loading C:\Users\wised\Documents\SrcDS Servers\GMod Workspace\steamapps\common\GarrysModDS\garrysmod\addons\stacker\gamemodes\stacker\content\maps\stacker_generic.vmf
fixing up env_cubemap materials on brush sides...
0...1...2...3...4...5...6...7...8...9...100...1...2...3...4...5...6...7...8...9...10Processing areas...done (0)
Building Faces...done (0)
Chop Details...done (0)
Find Visible Detail Sides...
Merged 56 detail faces...done (0)
Merging details...done (0)
FixTjuncs...
PruneNodes...
WriteBSP...
done (0)
writing C:\Users\wised\Documents\SrcDS Servers\GMod Workspace\steamapps\common\GarrysModDS\garrysmod\addons\stacker\gamemodes\stacker\content\maps\stacker_generic.prt...Building visibility clusters...
done (0)
Creating default LDR cubemaps for env_cubemap using skybox materials:
   skybox/sky_wasteland02*.vmt
 ! Run buildcubemaps in the engine to get the correct cube maps.
*** Error: Skybox vtf files for skybox/sky_wasteland02 weren't compiled with the same size texture and/or same flags!
Can't load skybox file skybox/sky_wasteland02 to build the default cubemap!
Finding displacement neighbors...
Finding lightmap sample positions...
Displacement Alpha : 0...1...2...3...4...5...6...7...8...9...10
Building Physics collision data...
done (0) (41591 bytes)
Placing detail props : 0...1...2...3...4...5...6...7...8...9...10
Compacting texture/material tables...
Reduced 27 texinfos to 20
Reduced 8 texdatas to 8 (179 bytes to 179)
Writing C:\Users\wised\Documents\SrcDS Servers\GMod Workspace\steamapps\common\GarrysModDS\garrysmod\addons\stacker\gamemodes\stacker\content\maps\stacker_generic.bsp
0 seconds elapsed



8 threads
reading c:\users\wised\documents\srcds servers\gmod workspace\steamapps\common\garrysmodds\garrysmod\addons\stacker\gamemodes\stacker\content\maps\stacker_generic.bsp
reading c:\users\wised\documents\srcds servers\gmod workspace\steamapps\common\garrysmodds\garrysmod\addons\stacker\gamemodes\stacker\content\maps\stacker_generic.prt
  46 portalclusters
  90 numportals
0...1...2...3...4...5...6...7...8...9...100...1...2...3...4...5...6...7...8...9...10Optimized: 0 visible clusters (0.00%)
Total clusters visible: 1934
Average clusters visible: 42
Building PAS...
Average clusters audible: 46
visdatasize:924  compressed from 736
writing c:\users\wised\documents\srcds servers\gmod workspace\steamapps\common\garrysmodds\garrysmod\addons\stacker\gamemodes\stacker\content\maps\stacker_generic.bsp
0 seconds elapsed



[Reading texlights from 'lights.rad']
[45 texlights parsed from 'lights.rad']

Loading c:\users\wised\documents\srcds servers\gmod workspace\steamapps\common\garrysmodds\garrysmod\addons\stacker\gamemodes\stacker\content\maps\stacker_generic.bsp
PREP OK
352 faces
1463822 square feet [210790400.00 square inches]
0 Displacements
0 Square Feet [0.00 Square Inches]
352 patches before subdivision
12724 patches after subdivision
2 direct lights
0...1...2...3...4...5...6...7...8...9...100...1...2...3...4...5...6...7...8...9...10transfers 731421, max 229
transfer lists:   5.6 megs
0...1...2...3...4...5...6...7...8...9...10	Bounce #1 added RGB(118908, 112584, 76877)
0...1...2...3...4...5...6...7...8...9...10	Bounce #2 added RGB(22655, 21247, 12928)
0...1...2...3...4...5...6...7...8...9...10	Bounce #3 added RGB(3613, 3360, 1840)
0...1...2...3...4...5...6...7...8...9...10	Bounce #4 added RGB(655, 605, 297)
0...1...2...3...4...5...6...7...8...9...10	Bounce #5 added RGB(117, 107, 47)
0...1...2...3...4...5...6...7...8...9...10	Bounce #6 added RGB(21, 20, 8)
0...1...2...3...4...5...6...7...8...9...10	Bounce #7 added RGB(4, 4, 1)
0...1...2...3...4...5...6...7...8...9...10	Bounce #8 added RGB(1, 1, 0)
Build Patch/Sample Hash Table(s).....Done<0.0020 sec>
0...1...2...3...4...5...6...7...8...9...10FinalLightFace Done
0 of 0 (0% of) surface lights went in leaf ambient cubes.
0...1...2...3...4...5...6...7...8...9...10Writing leaf ambient...done
Ready to Finish

Object names       Objects/Maxobjs  Memory / Maxmem  Fullness 
------------       ---------------  ---------------  -------- 
models                   2/4096           96/196608   ( 0.0%) 
brushes                121/16384        1452/196608   ( 0.7%) 
brushsides             726/163840       5808/1310720  ( 0.4%) 
planes                 202/65536        4040/1310720  ( 0.3%) 
vertexes               637/65536        7644/786432   ( 1.0%) 
nodes                  180/65536        5760/2097152  ( 0.3%) 
texinfos                20/12288        1440/884736   ( 0.2%) 
texdata                  8/2048          256/65536    ( 0.4%) 
dispinfos                0/0               0/0        ( 0.0%) 
disp_verts               0/0               0/0        ( 0.0%) 
disp_tris                0/0               0/0        ( 0.0%) 
disp_lmsamples           0/0               0/0        ( 0.0%) 
faces                  352/65536       19712/3670016  ( 0.5%) 
hdr faces                0/65536           0/3670016  ( 0.0%) 
origfaces              181/65536       10136/3670016  ( 0.3%) 
leaves                 183/65536        5856/2097152  ( 0.3%) 
leaffaces              361/65536         722/131072   ( 0.6%) 
leafbrushes            356/65536         712/131072   ( 0.5%) 
areas                    2/1024           16/8192     ( 0.2%) 
surfedges             2340/512000       9360/2048000  ( 0.5%) 
edges                 1454/256000       5816/1024000  ( 0.6%) 
LDR worldlights          2/8192          176/720896   ( 0.0%) 
HDR worldlights          0/8192            0/720896   ( 0.0%) 
leafwaterdata            0/32768           0/393216   ( 0.0%) 
waterstrips             21/32768         210/327680   ( 0.1%) 
waterverts               0/65536           0/786432   ( 0.0%) 
waterindices           339/65536         678/131072   ( 0.5%) 
cubemapsamples           0/1024            0/16384    ( 0.0%) 
overlays                 0/1024            0/360448   ( 0.0%) 
LDR lightdata         [variable]      950088/0        ( 0.0%) 
HDR lightdata         [variable]           0/0        ( 0.0%) 
visdata               [variable]         924/16777216 ( 0.0%) 
entdata               [variable]         806/393216   ( 0.2%) 
LDR ambient table      183/65536         732/262144   ( 0.3%) 
HDR ambient table      183/65536         732/262144   ( 0.3%) 
LDR leaf ambient       793/65536       22204/1835008  ( 1.2%) 
HDR leaf ambient       183/65536        5124/1835008  ( 0.3%) 
occluders                0/0               0/0        ( 0.0%) 
occluder polygons        0/0               0/0        ( 0.0%) 
occluder vert ind        0/0               0/0        ( 0.0%) 
detail props          [variable]           1/12       ( 8.3%) 
static props          [variable]           1/12       ( 8.3%) 
pakfile               [variable]        8668/0        ( 0.0%) 
physics               [variable]       41591/4194304  ( 1.0%) 
physics terrain       [variable]           2/1048576  ( 0.0%) 

Level flags = 0

Total triangle count: 912
Writing c:\users\wised\documents\srcds servers\gmod workspace\steamapps\common\garrysmodds\garrysmod\addons\stacker\gamemodes\stacker\content\maps\stacker_generic.bsp
0 seconds elapsed



[Reading texlights from 'lights.rad']
[45 texlights parsed from 'lights.rad']

Loading c:\users\wised\documents\srcds servers\gmod workspace\steamapps\common\garrysmodds\garrysmod\addons\stacker\gamemodes\stacker\content\maps\stacker_generic.bsp
PREP OK
352 faces
1463822 square feet [210790400.00 square inches]
0 Displacements
0 Square Feet [0.00 Square Inches]
352 patches before subdivision
12724 patches after subdivision
2 direct lights
0...1...2...3...4...5...6...7...8...9...100...1...2...3...4...5...6...7...8...9...10transfers 731421, max 229
transfer lists:   5.6 megs
0...1...2...3...4...5...6...7...8...9...10	Bounce #1 added RGB(118908, 112584, 76877)
0...1...2...3...4...5...6...7...8...9...10	Bounce #2 added RGB(22655, 21247, 12928)
0...1...2...3...4...5...6...7...8...9...10	Bounce #3 added RGB(3613, 3360, 1840)
0...1...2...3...4...5...6...7...8...9...10	Bounce #4 added RGB(655, 605, 297)
0...1...2...3...4...5...6...7...8...9...10	Bounce #5 added RGB(117, 107, 47)
0...1...2...3...4...5...6...7...8...9...10	Bounce #6 added RGB(21, 20, 8)
0...1...2...3...4...5...6...7...8...9...10	Bounce #7 added RGB(4, 4, 1)
0...1...2...3...4...5...6...7...8...9...10	Bounce #8 added RGB(1, 1, 0)
Build Patch/Sample Hash Table(s).....Done<0.0033 sec>
0...1...2...3...4...5...6...7...8...9...10FinalLightFace Done
0 of 0 (0% of) surface lights went in leaf ambient cubes.
0...1...2...3...4...5...6...7...8...9...10Writing leaf ambient...done
Ready to Finish

Object names       Objects/Maxobjs  Memory / Maxmem  Fullness 
------------       ---------------  ---------------  -------- 
models                   2/4096           96/196608   ( 0.0%) 
brushes                121/16384        1452/196608   ( 0.7%) 
brushsides             726/163840       5808/1310720  ( 0.4%) 
planes                 202/65536        4040/1310720  ( 0.3%) 
vertexes               637/65536        7644/786432   ( 1.0%) 
nodes                  180/65536        5760/2097152  ( 0.3%) 
texinfos                20/12288        1440/884736   ( 0.2%) 
texdata                  8/2048          256/65536    ( 0.4%) 
dispinfos                0/0               0/0        ( 0.0%) 
disp_verts               0/0               0/0        ( 0.0%) 
disp_tris                0/0               0/0        ( 0.0%) 
disp_lmsamples           0/0               0/0        ( 0.0%) 
faces                  352/65536       19712/3670016  ( 0.5%) 
hdr faces              352/65536       19712/3670016  ( 0.5%) 
origfaces              181/65536       10136/3670016  ( 0.3%) 
leaves                 183/65536        5856/2097152  ( 0.3%) 
leaffaces              361/65536         722/131072   ( 0.6%) 
leafbrushes            356/65536         712/131072   ( 0.5%) 
areas                    2/1024           16/8192     ( 0.2%) 
surfedges             2340/512000       9360/2048000  ( 0.5%) 
edges                 1454/256000       5816/1024000  ( 0.6%) 
LDR worldlights          2/8192          176/720896   ( 0.0%) 
HDR worldlights          2/8192          176/720896   ( 0.0%) 
leafwaterdata            0/32768           0/393216   ( 0.0%) 
waterstrips             21/32768         210/327680   ( 0.1%) 
waterverts               0/65536           0/786432   ( 0.0%) 
waterindices           339/65536         678/131072   ( 0.5%) 
cubemapsamples           0/1024            0/16384    ( 0.0%) 
overlays                 0/1024            0/360448   ( 0.0%) 
LDR lightdata         [variable]      950088/0        ( 0.0%) 
HDR lightdata         [variable]      950088/0        ( 0.0%) 
visdata               [variable]         924/16777216 ( 0.0%) 
entdata               [variable]         806/393216   ( 0.2%) 
LDR ambient table      183/65536         732/262144   ( 0.3%) 
HDR ambient table      183/65536         732/262144   ( 0.3%) 
LDR leaf ambient       793/65536       22204/1835008  ( 1.2%) 
HDR leaf ambient       793/65536       22204/1835008  ( 1.2%) 
occluders                0/0               0/0        ( 0.0%) 
occluder polygons        0/0               0/0        ( 0.0%) 
occluder vert ind        0/0               0/0        ( 0.0%) 
detail props          [variable]           1/12       ( 8.3%) 
static props          [variable]           1/12       ( 8.3%) 
pakfile               [variable]        8668/0        ( 0.0%) 
physics               [variable]       41591/4194304  ( 1.0%) 
physics terrain       [variable]           2/1048576  ( 0.0%) 

Level flags = 0

Total triangle count: 912
Writing c:\users\wised\documents\srcds servers\gmod workspace\steamapps\common\garrysmodds\garrysmod\addons\stacker\gamemodes\stacker\content\maps\stacker_generic.bsp
0 seconds elapsed



materialPath: C:\Program Files (x86)\Steam\steamapps\common\GarrysMod\garrysmod\materials
Loading C:\Users\wised\Documents\SrcDS Servers\GMod Workspace\steamapps\common\GarrysModDS\garrysmod\addons\stacker\gamemodes\stacker\content\maps\stacker_generic.vmf
fixing up env_cubemap materials on brush sides...
0...1...2...3...4...5...6...7...8...9...100...1...2...3...4...5...6...7...8...9...10Processing areas...done (0)
Building Faces...done (0)
Chop Details...done (0)
Find Visible Detail Sides...
Merged 56 detail faces...done (0)
Merging details...done (0)
FixTjuncs...
PruneNodes...
WriteBSP...
done (0)
writing C:\Users\wised\Documents\SrcDS Servers\GMod Workspace\steamapps\common\GarrysModDS\garrysmod\addons\stacker\gamemodes\stacker\content\maps\stacker_generic.prt...Building visibility clusters...
done (0)
Creating default LDR cubemaps for env_cubemap using skybox materials:
   skybox/sky_day03_05*.vmt
 ! Run buildcubemaps in the engine to get the correct cube maps.
*** Error: Skybox vtf files for skybox/sky_day03_05 weren't compiled with the same size texture and/or same flags!
Can't load skybox file skybox/sky_day03_05 to build the default cubemap!
Finding displacement neighbors...
Finding lightmap sample positions...
Displacement Alpha : 0...1...2...3...4...5...6...7...8...9...10
Building Physics collision data...
done (0) (50413 bytes)
Placing detail props : 0...1...2...3...4...5...6...7...8...9...10
Compacting texture/material tables...
Reduced 34 texinfos to 23
Reduced 9 texdatas to 9 (202 bytes to 202)
Writing C:\Users\wised\Documents\SrcDS Servers\GMod Workspace\steamapps\common\GarrysModDS\garrysmod\addons\stacker\gamemodes\stacker\content\maps\stacker_generic.bsp
0 seconds elapsed



8 threads
reading c:\users\wised\documents\srcds servers\gmod workspace\steamapps\common\garrysmodds\garrysmod\addons\stacker\gamemodes\stacker\content\maps\stacker_generic.bsp
reading c:\users\wised\documents\srcds servers\gmod workspace\steamapps\common\garrysmodds\garrysmod\addons\stacker\gamemodes\stacker\content\maps\stacker_generic.prt
  46 portalclusters
  90 numportals
0...1...2...3...4...5...6...7...8...9...100...1...2...3...4...5...6...7...8...9...10Optimized: 0 visible clusters (0.00%)
Total clusters visible: 1934
Average clusters visible: 42
Building PAS...
Average clusters audible: 46
visdatasize:924  compressed from 736
writing c:\users\wised\documents\srcds servers\gmod workspace\steamapps\common\garrysmodds\garrysmod\addons\stacker\gamemodes\stacker\content\maps\stacker_generic.bsp
0 seconds elapsed



[Reading texlights from 'lights.rad']
[45 texlights parsed from 'lights.rad']

Loading c:\users\wised\documents\srcds servers\gmod workspace\steamapps\common\garrysmodds\garrysmod\addons\stacker\gamemodes\stacker\content\maps\stacker_generic.bsp
PREP OK
339 faces
2308508 square feet [332425216.00 square inches]
0 Displacements
0 Square Feet [0.00 Square Inches]
339 patches before subdivision
12711 patches after subdivision
2 direct lights
0...1...2...3...4...5...6...7...8...9...100...1...2...3...4...5...6...7...8...9...10transfers 734991, max 229
transfer lists:   5.6 megs
0...1...2...3...4...5...6...7...8...9...10	Bounce #1 added RGB(26558, 22061, 14533)
0...1...2...3...4...5...6...7...8...9...10	Bounce #2 added RGB(3574, 3010, 1962)
0...1...2...3...4...5...6...7...8...9...10	Bounce #3 added RGB(568, 472, 281)
0...1...2...3...4...5...6...7...8...9...10	Bounce #4 added RGB(90, 76, 42)
0...1...2...3...4...5...6...7...8...9...10	Bounce #5 added RGB(15, 13, 7)
0...1...2...3...4...5...6...7...8...9...10	Bounce #6 added RGB(3, 2, 1)
0...1...2...3...4...5...6...7...8...9...10	Bounce #7 added RGB(0, 0, 0)
Build Patch/Sample Hash Table(s).....Done<0.0021 sec>
0...1...2...3...4...5...6...7...8...9...10FinalLightFace Done
0 of 0 (0% of) surface lights went in leaf ambient cubes.
0...1...2...3...4...5...6...7...8...9...10Writing leaf ambient...done
Ready to Finish

Object names       Objects/Maxobjs  Memory / Maxmem  Fullness 
------------       ---------------  ---------------  -------- 
models                   3/4096          144/196608   ( 0.1%) 
brushes                147/16384        1764/196608   ( 0.9%) 
brushsides             882/163840       7056/1310720  ( 0.5%) 
planes                 226/65536        4520/1310720  ( 0.3%) 
vertexes               661/65536        7932/786432   ( 1.0%) 
nodes                  229/65536        7328/2097152  ( 0.3%) 
texinfos                23/12288        1656/884736   ( 0.2%) 
texdata                  9/2048          288/65536    ( 0.4%) 
dispinfos                0/0               0/0        ( 0.0%) 
disp_verts               0/0               0/0        ( 0.0%) 
disp_tris                0/0               0/0        ( 0.0%) 
disp_lmsamples           0/0               0/0        ( 0.0%) 
faces                  339/65536       18984/3670016  ( 0.5%) 
hdr faces                0/65536           0/3670016  ( 0.0%) 
origfaces              168/65536        9408/3670016  ( 0.3%) 
leaves                 233/65536        7456/2097152  ( 0.4%) 
leaffaces              359/65536         718/131072   ( 0.5%) 
leafbrushes            388/65536         776/131072   ( 0.6%) 
areas                    2/1024           16/8192     ( 0.2%) 
surfedges             2236/512000       8944/2048000  ( 0.4%) 
edges                 1414/256000       5656/1024000  ( 0.6%) 
LDR worldlights          2/8192          176/720896   ( 0.0%) 
HDR worldlights          0/8192            0/720896   ( 0.0%) 
leafwaterdata            0/32768           0/393216   ( 0.0%) 
waterstrips             21/32768         210/327680   ( 0.1%) 
waterverts               0/65536           0/786432   ( 0.0%) 
waterindices           339/65536         678/131072   ( 0.5%) 
cubemapsamples           0/1024            0/16384    ( 0.0%) 
overlays                 0/1024            0/360448   ( 0.0%) 
LDR lightdata         [variable]      950088/0        ( 0.0%) 
HDR lightdata         [variable]           0/0        ( 0.0%) 
visdata               [variable]         924/16777216 ( 0.0%) 
entdata               [variable]        1171/393216   ( 0.3%) 
LDR ambient table      233/65536         932/262144   ( 0.4%) 
HDR ambient table      233/65536         932/262144   ( 0.4%) 
LDR leaf ambient       833/65536       23324/1835008  ( 1.3%) 
HDR leaf ambient       233/65536        6524/1835008  ( 0.4%) 
occluders                0/0               0/0        ( 0.0%) 
occluder polygons        0/0               0/0        ( 0.0%) 
occluder vert ind        0/0               0/0        ( 0.0%) 
detail props          [variable]           1/12       ( 8.3%) 
static props          [variable]           1/12       ( 8.3%) 
pakfile               [variable]        8668/0        ( 0.0%) 
physics               [variable]       50413/4194304  ( 1.2%) 
physics terrain       [variable]           2/1048576  ( 0.0%) 

Level flags = 0

Total triangle count: 886
Writing c:\users\wised\documents\srcds servers\gmod workspace\steamapps\common\garrysmodds\garrysmod\addons\stacker\gamemodes\stacker\content\maps\stacker_generic.bsp
0 seconds elapsed



[Reading texlights from 'lights.rad']
[45 texlights parsed from 'lights.rad']

Loading c:\users\wised\documents\srcds servers\gmod workspace\steamapps\common\garrysmodds\garrysmod\addons\stacker\gamemodes\stacker\content\maps\stacker_generic.bsp
PREP OK
339 faces
2308508 square feet [332425216.00 square inches]
0 Displacements
0 Square Feet [0.00 Square Inches]
339 patches before subdivision
12711 patches after subdivision
2 direct lights
0...1...2...3...4...5...6...7...8...9...100...1...2...3...4...5...6...7...8...9...10transfers 734991, max 229
transfer lists:   5.6 megs
0...1...2...3...4...5...6...7...8...9...10	Bounce #1 added RGB(26558, 22061, 14533)
0...1...2...3...4...5...6...7...8...9...10	Bounce #2 added RGB(3574, 3010, 1962)
0...1...2...3...4...5...6...7...8...9...10	Bounce #3 added RGB(568, 472, 281)
0...1...2...3...4...5...6...7...8...9...10	Bounce #4 added RGB(90, 76, 42)
0...1...2...3...4...5...6...7...8...9...10	Bounce #5 added RGB(15, 13, 7)
0...1...2...3...4...5...6...7...8...9...10	Bounce #6 added RGB(3, 2, 1)
0...1...2...3...4...5...6...7...8...9...10	Bounce #7 added RGB(0, 0, 0)
Build Patch/Sample Hash Table(s).....Done<0.0022 sec>
0...1...2...3...4...5...6...7...8...9...10FinalLightFace Done
0 of 0 (0% of) surface lights went in leaf ambient cubes.
0...1...2...3...4...5...6...7...8...9...10Writing leaf ambient...done
Ready to Finish

Object names       Objects/Maxobjs  Memory / Maxmem  Fullness 
------------       ---------------  ---------------  -------- 
models                   3/4096          144/196608   ( 0.1%) 
brushes                147/16384        1764/196608   ( 0.9%) 
brushsides             882/163840       7056/1310720  ( 0.5%) 
planes                 226/65536        4520/1310720  ( 0.3%) 
vertexes               661/65536        7932/786432   ( 1.0%) 
nodes                  229/65536        7328/2097152  ( 0.3%) 
texinfos                23/12288        1656/884736   ( 0.2%) 
texdata                  9/2048          288/65536    ( 0.4%) 
dispinfos                0/0               0/0        ( 0.0%) 
disp_verts               0/0               0/0        ( 0.0%) 
disp_tris                0/0               0/0        ( 0.0%) 
disp_lmsamples           0/0               0/0        ( 0.0%) 
faces                  339/65536       18984/3670016  ( 0.5%) 
hdr faces              339/65536       18984/3670016  ( 0.5%) 
origfaces              168/65536        9408/3670016  ( 0.3%) 
leaves                 233/65536        7456/2097152  ( 0.4%) 
leaffaces              359/65536         718/131072   ( 0.5%) 
leafbrushes            388/65536         776/131072   ( 0.6%) 
areas                    2/1024           16/8192     ( 0.2%) 
surfedges             2236/512000       8944/2048000  ( 0.4%) 
edges                 1414/256000       5656/1024000  ( 0.6%) 
LDR worldlights          2/8192          176/720896   ( 0.0%) 
HDR worldlights          2/8192          176/720896   ( 0.0%) 
leafwaterdata            0/32768           0/393216   ( 0.0%) 
waterstrips             21/32768         210/327680   ( 0.1%) 
waterverts               0/65536           0/786432   ( 0.0%) 
waterindices           339/65536         678/131072   ( 0.5%) 
cubemapsamples           0/1024            0/16384    ( 0.0%) 
overlays                 0/1024            0/360448   ( 0.0%) 
LDR lightdata         [variable]      950088/0        ( 0.0%) 
HDR lightdata         [variable]      950088/0        ( 0.0%) 
visdata               [variable]         924/16777216 ( 0.0%) 
entdata               [variable]        1171/393216   ( 0.3%) 
LDR ambient table      233/65536         932/262144   ( 0.4%) 
HDR ambient table      233/65536         932/262144   ( 0.4%) 
LDR leaf ambient       833/65536       23324/1835008  ( 1.3%) 
HDR leaf ambient       833/65536       23324/1835008  ( 1.3%) 
occluders                0/0               0/0        ( 0.0%) 
occluder polygons        0/0               0/0        ( 0.0%) 
occluder vert ind        0/0               0/0        ( 0.0%) 
detail props          [variable]           1/12       ( 8.3%) 
static props          [variable]           1/12       ( 8.3%) 
pakfile               [variable]        8668/0        ( 0.0%) 
physics               [variable]       50413/4194304  ( 1.2%) 
physics terrain       [variable]           2/1048576  ( 0.0%) 

Level flags = 0

Total triangle count: 886
Writing c:\users\wised\documents\srcds servers\gmod workspace\steamapps\common\garrysmodds\garrysmod\addons\stacker\gamemodes\stacker\content\maps\stacker_generic.bsp
1 second elapsed



materialPath: C:\Program Files (x86)\Steam\steamapps\common\GarrysMod\garrysmod\materials
Loading C:\Users\wised\Documents\SrcDS Servers\GMod Workspace\steamapps\common\GarrysModDS\garrysmod\addons\stacker\gamemodes\stacker\content\maps\stacker_generic.vmf
fixing up env_cubemap materials on brush sides...
0...1...2...3...4...5...6...7...8...9...100...1...2...3...4...5...6...7...8...9...10Processing areas...done (0)
Building Faces...done (0)
Chop Details...done (0)
Find Visible Detail Sides...
Merged 56 detail faces...done (0)
Merging details...done (0)
FixTjuncs...
PruneNodes...
WriteBSP...
done (0)
writing C:\Users\wised\Documents\SrcDS Servers\GMod Workspace\steamapps\common\GarrysModDS\garrysmod\addons\stacker\gamemodes\stacker\content\maps\stacker_generic.prt...Building visibility clusters...
done (0)
Creating default LDR cubemaps for env_cubemap using skybox materials:
   skybox/sky_day03_05*.vmt
 ! Run buildcubemaps in the engine to get the correct cube maps.
*** Error: Skybox vtf files for skybox/sky_day03_05 weren't compiled with the same size texture and/or same flags!
Can't load skybox file skybox/sky_day03_05 to build the default cubemap!
Finding displacement neighbors...
Finding lightmap sample positions...
Displacement Alpha : 0...1...2...3...4...5...6...7...8...9...10
Building Physics collision data...
done (0) (50413 bytes)
Placing detail props : 0...1...2...3...4...5...6...7...8...9...10
Compacting texture/material tables...
Reduced 34 texinfos to 23
Reduced 9 texdatas to 9 (202 bytes to 202)
Writing C:\Users\wised\Documents\SrcDS Servers\GMod Workspace\steamapps\common\GarrysModDS\garrysmod\addons\stacker\gamemodes\stacker\content\maps\stacker_generic.bsp
0 seconds elapsed



8 threads
reading c:\users\wised\documents\srcds servers\gmod workspace\steamapps\common\garrysmodds\garrysmod\addons\stacker\gamemodes\stacker\content\maps\stacker_generic.bsp
reading c:\users\wised\documents\srcds servers\gmod workspace\steamapps\common\garrysmodds\garrysmod\addons\stacker\gamemodes\stacker\content\maps\stacker_generic.prt
  46 portalclusters
  90 numportals
0...1...2...3...4...5...6...7...8...9...100...1...2...3...4...5...6...7...8...9...10Optimized: 0 visible clusters (0.00%)
Total clusters visible: 1934
Average clusters visible: 42
Building PAS...
Average clusters audible: 46
visdatasize:924  compressed from 736
writing c:\users\wised\documents\srcds servers\gmod workspace\steamapps\common\garrysmodds\garrysmod\addons\stacker\gamemodes\stacker\content\maps\stacker_generic.bsp
0 seconds elapsed



[Reading texlights from 'lights.rad']
[45 texlights parsed from 'lights.rad']

Loading c:\users\wised\documents\srcds servers\gmod workspace\steamapps\common\garrysmodds\garrysmod\addons\stacker\gamemodes\stacker\content\maps\stacker_generic.bsp
PREP OK
339 faces
2308508 square feet [332425216.00 square inches]
0 Displacements
0 Square Feet [0.00 Square Inches]
339 patches before subdivision
12711 patches after subdivision
2 direct lights
0...1...2...3...4...5...6...7...8...9...100...1...2...3...4...5...6...7...8...9...10transfers 734991, max 229
transfer lists:   5.6 megs
0...1...2...3...4...5...6...7...8...9...10	Bounce #1 added RGB(76421, 54626, 25811)
0...1...2...3...4...5...6...7...8...9...10	Bounce #2 added RGB(13998, 9825, 4056)
0...1...2...3...4...5...6...7...8...9...10	Bounce #3 added RGB(2257, 1571, 585)
0...1...2...3...4...5...6...7...8...9...10	Bounce #4 added RGB(406, 280, 93)
0...1...2...3...4...5...6...7...8...9...10	Bounce #5 added RGB(72, 50, 15)
0...1...2...3...4...5...6...7...8...9...10	Bounce #6 added RGB(13, 9, 2)
0...1...2...3...4...5...6...7...8...9...10	Bounce #7 added RGB(2, 2, 0)
0...1...2...3...4...5...6...7...8...9...10	Bounce #8 added RGB(0, 0, 0)
Build Patch/Sample Hash Table(s).....Done<0.0020 sec>
0...1...2...3...4...5...6...7...8...9...10FinalLightFace Done
0 of 0 (0% of) surface lights went in leaf ambient cubes.
0...1...2...3...4...5...6...7...8...9...10Writing leaf ambient...done
Ready to Finish

Object names       Objects/Maxobjs  Memory / Maxmem  Fullness 
------------       ---------------  ---------------  -------- 
models                   3/4096          144/196608   ( 0.1%) 
brushes                147/16384        1764/196608   ( 0.9%) 
brushsides             882/163840       7056/1310720  ( 0.5%) 
planes                 226/65536        4520/1310720  ( 0.3%) 
vertexes               661/65536        7932/786432   ( 1.0%) 
nodes                  229/65536        7328/2097152  ( 0.3%) 
texinfos                23/12288        1656/884736   ( 0.2%) 
texdata                  9/2048          288/65536    ( 0.4%) 
dispinfos                0/0               0/0        ( 0.0%) 
disp_verts               0/0               0/0        ( 0.0%) 
disp_tris                0/0               0/0        ( 0.0%) 
disp_lmsamples           0/0               0/0        ( 0.0%) 
faces                  339/65536       18984/3670016  ( 0.5%) 
hdr faces                0/65536           0/3670016  ( 0.0%) 
origfaces              168/65536        9408/3670016  ( 0.3%) 
leaves                 233/65536        7456/2097152  ( 0.4%) 
leaffaces              359/65536         718/131072   ( 0.5%) 
leafbrushes            388/65536         776/131072   ( 0.6%) 
areas                    2/1024           16/8192     ( 0.2%) 
surfedges             2236/512000       8944/2048000  ( 0.4%) 
edges                 1414/256000       5656/1024000  ( 0.6%) 
LDR worldlights          2/8192          176/720896   ( 0.0%) 
HDR worldlights          0/8192            0/720896   ( 0.0%) 
leafwaterdata            0/32768           0/393216   ( 0.0%) 
waterstrips             21/32768         210/327680   ( 0.1%) 
waterverts               0/65536           0/786432   ( 0.0%) 
waterindices           339/65536         678/131072   ( 0.5%) 
cubemapsamples           0/1024            0/16384    ( 0.0%) 
overlays                 0/1024            0/360448   ( 0.0%) 
LDR lightdata         [variable]      950088/0        ( 0.0%) 
HDR lightdata         [variable]           0/0        ( 0.0%) 
visdata               [variable]         924/16777216 ( 0.0%) 
entdata               [variable]        1171/393216   ( 0.3%) 
LDR ambient table      233/65536         932/262144   ( 0.4%) 
HDR ambient table      233/65536         932/262144   ( 0.4%) 
LDR leaf ambient       862/65536       24136/1835008  ( 1.3%) 
HDR leaf ambient       233/65536        6524/1835008  ( 0.4%) 
occluders                0/0               0/0        ( 0.0%) 
occluder polygons        0/0               0/0        ( 0.0%) 
occluder vert ind        0/0               0/0        ( 0.0%) 
detail props          [variable]           1/12       ( 8.3%) 
static props          [variable]           1/12       ( 8.3%) 
pakfile               [variable]        8668/0        ( 0.0%) 
physics               [variable]       50413/4194304  ( 1.2%) 
physics terrain       [variable]           2/1048576  ( 0.0%) 

Level flags = 0

Total triangle count: 886
Writing c:\users\wised\documents\srcds servers\gmod workspace\steamapps\common\garrysmodds\garrysmod\addons\stacker\gamemodes\stacker\content\maps\stacker_generic.bsp
0 seconds elapsed



[Reading texlights from 'lights.rad']
[45 texlights parsed from 'lights.rad']

Loading c:\users\wised\documents\srcds servers\gmod workspace\steamapps\common\garrysmodds\garrysmod\addons\stacker\gamemodes\stacker\content\maps\stacker_generic.bsp
PREP OK
339 faces
2308508 square feet [332425216.00 square inches]
0 Displacements
0 Square Feet [0.00 Square Inches]
339 patches before subdivision
12711 patches after subdivision
2 direct lights
0...1...2...3...4...5...6...7...8...9...100...1...2...3...4...5...6...7...8...9...10transfers 734991, max 229
transfer lists:   5.6 megs
0...1...2...3...4...5...6...7...8...9...10	Bounce #1 added RGB(76421, 54626, 25811)
0...1...2...3...4...5...6...7...8...9...10	Bounce #2 added RGB(13998, 9825, 4056)
0...1...2...3...4...5...6...7...8...9...10	Bounce #3 added RGB(2257, 1571, 585)
0...1...2...3...4...5...6...7...8...9...10	Bounce #4 added RGB(406, 280, 93)
0...1...2...3...4...5...6...7...8...9...10	Bounce #5 added RGB(72, 50, 15)
0...1...2...3...4...5...6...7...8...9...10	Bounce #6 added RGB(13, 9, 2)
0...1...2...3...4...5...6...7...8...9...10	Bounce #7 added RGB(2, 2, 0)
0...1...2...3...4...5...6...7...8...9...10	Bounce #8 added RGB(0, 0, 0)
Build Patch/Sample Hash Table(s).....Done<0.0022 sec>
0...1...2...3...4...5...6...7...8...9...10FinalLightFace Done
0 of 0 (0% of) surface lights went in leaf ambient cubes.
0...1...2...3...4...5...6...7...8...9...10Writing leaf ambient...done
Ready to Finish

Object names       Objects/Maxobjs  Memory / Maxmem  Fullness 
------------       ---------------  ---------------  -------- 
models                   3/4096          144/196608   ( 0.1%) 
brushes                147/16384        1764/196608   ( 0.9%) 
brushsides             882/163840       7056/1310720  ( 0.5%) 
planes                 226/65536        4520/1310720  ( 0.3%) 
vertexes               661/65536        7932/786432   ( 1.0%) 
nodes                  229/65536        7328/2097152  ( 0.3%) 
texinfos                23/12288        1656/884736   ( 0.2%) 
texdata                  9/2048          288/65536    ( 0.4%) 
dispinfos                0/0               0/0        ( 0.0%) 
disp_verts               0/0               0/0        ( 0.0%) 
disp_tris                0/0               0/0        ( 0.0%) 
disp_lmsamples           0/0               0/0        ( 0.0%) 
faces                  339/65536       18984/3670016  ( 0.5%) 
hdr faces              339/65536       18984/3670016  ( 0.5%) 
origfaces              168/65536        9408/3670016  ( 0.3%) 
leaves                 233/65536        7456/2097152  ( 0.4%) 
leaffaces              359/65536         718/131072   ( 0.5%) 
leafbrushes            388/65536         776/131072   ( 0.6%) 
areas                    2/1024           16/8192     ( 0.2%) 
surfedges             2236/512000       8944/2048000  ( 0.4%) 
edges                 1414/256000       5656/1024000  ( 0.6%) 
LDR worldlights          2/8192          176/720896   ( 0.0%) 
HDR worldlights          2/8192          176/720896   ( 0.0%) 
leafwaterdata            0/32768           0/393216   ( 0.0%) 
waterstrips             21/32768         210/327680   ( 0.1%) 
waterverts               0/65536           0/786432   ( 0.0%) 
waterindices           339/65536         678/131072   ( 0.5%) 
cubemapsamples           0/1024            0/16384    ( 0.0%) 
overlays                 0/1024            0/360448   ( 0.0%) 
LDR lightdata         [variable]      950088/0        ( 0.0%) 
HDR lightdata         [variable]      950088/0        ( 0.0%) 
visdata               [variable]         924/16777216 ( 0.0%) 
entdata               [variable]        1171/393216   ( 0.3%) 
LDR ambient table      233/65536         932/262144   ( 0.4%) 
HDR ambient table      233/65536         932/262144   ( 0.4%) 
LDR leaf ambient       862/65536       24136/1835008  ( 1.3%) 
HDR leaf ambient       862/65536       24136/1835008  ( 1.3%) 
occluders                0/0               0/0        ( 0.0%) 
occluder polygons        0/0               0/0        ( 0.0%) 
occluder vert ind        0/0               0/0        ( 0.0%) 
detail props          [variable]           1/12       ( 8.3%) 
static props          [variable]           1/12       ( 8.3%) 
pakfile               [variable]        8668/0        ( 0.0%) 
physics               [variable]       50413/4194304  ( 1.2%) 
physics terrain       [variable]           2/1048576  ( 0.0%) 

Level flags = 0

Total triangle count: 886
Writing c:\users\wised\documents\srcds servers\gmod workspace\steamapps\common\garrysmodds\garrysmod\addons\stacker\gamemodes\stacker\content\maps\stacker_generic.bsp
2 seconds elapsed
