PRT1
46
90
4 0 2 (1472 1024 -8704 ) (1472 1024 7104 ) (1024 1024 7104 ) (1024 1024 -8704 ) 
4 0 1 (1024 1024 -8704 ) (1024 1024 7104 ) (1024 1472 7104 ) (1024 1472 -8704 ) 
4 1 12 (0 1024 -8704 ) (0 1024 7104 ) (0 1472 7104 ) (0 1472 -8704 ) 
4 1 3 (1024 1024 -8704 ) (1024 1024 7104 ) (0 1024 7104 ) (0 1024 -8704 ) 
4 2 23 (1472 0 -8704 ) (1472 0 7104 ) (1024 0 7104 ) (1024 0 -8704 ) 
4 2 4 (1024 960 -8704 ) (1024 0 -8704 ) (1024 0 7104 ) (1024 960 7104 ) 
4 2 3 (1024 1024 7104 ) (1024 1024 -8704 ) (1024 960 -8704 ) (1024 960 7104 ) 
4 3 13 (0 1024 7104 ) (0 1024 -8704 ) (0 960 -8704 ) (0 960 7104 ) 
4 3 4 (1024 960 -8704 ) (1024 960 7104 ) (960 960 7104 ) (960 960 -8704 ) 
4 3 5 (960 960 7104 ) (0 960 7104 ) (0 960 -8704 ) (960 960 -8704 ) 
4 4 24 (1024 0 -8704 ) (1024 0 7104 ) (960 0 7104 ) (960 0 -8704 ) 
4 4 5 (960 0 7104 ) (960 960 7104 ) (960 960 -8704 ) (960 0 -8704 ) 
4 5 25 (960 0 7104 ) (0 0 7104 ) (0 0 -9088 ) (960 0 -9088 ) 
4 5 14 (0 0 -9088 ) (0 0 7104 ) (0 960 7104 ) (0 960 -9088 ) 
4 5 6 (512 0 -9088 ) (0 0 -9088 ) (0 512 -9088 ) (512 512 -9088 ) 
4 6 27 (512 0 -9088 ) (0 0 -9088 ) (0 0 -9216 ) (512 0 -9216 ) 
4 6 16 (0 0 -9216 ) (0 0 -9088 ) (0 512 -9088 ) (0 512 -9216 ) 
4 6 9 (0 128 -9216 ) (0 256 -9216 ) (128 256 -9216 ) (128 128 -9216 ) 
4 6 8 (0 320 -9216 ) (0 512 -9216 ) (256 512 -9216 ) (256 320 -9216 ) 
4 6 7 (512 0 -9216 ) (256 0 -9216 ) (256 512 -9216 ) (512 512 -9216 ) 
4 7 28 (512 0 -9216 ) (256 0 -9216 ) (256 0 -9344 ) (512 0 -9344 ) 
4 7 10 (256 512 -9344 ) (256 320 -9344 ) (256 320 -9232 ) (256 512 -9232 ) 
4 7 11 (256 256 -9344 ) (256 128 -9344 ) (256 128 -9232 ) (256 256 -9232 ) 
4 7 8 (256 320 -9216 ) (256 512 -9216 ) (256 512 -9232 ) (256 320 -9232 ) 
4 8 17 (0 320 -9216 ) (0 512 -9216 ) (0 512 -9232 ) (0 320 -9232 ) 
4 8 10 (0 320 -9232 ) (0 512 -9232 ) (256 512 -9232 ) (256 320 -9232 ) 
4 9 19 (0 128 -9216 ) (0 256 -9216 ) (0 256 -9232 ) (0 128 -9232 ) 
4 9 11 (128 128 -9232 ) (0 128 -9232 ) (0 256 -9232 ) (128 256 -9232 ) 
4 10 17 (0 512 -9344 ) (0 320 -9344 ) (0 320 -9232 ) (0 512 -9232 ) 
4 11 19 (0 256 -9344 ) (0 128 -9344 ) (0 128 -9232 ) (0 256 -9232 ) 
4 12 21 (-1024 1024 -8704 ) (-1024 1024 7104 ) (-1024 1472 7104 ) (-1024 1472 -8704 ) 
4 12 13 (0 1024 -8704 ) (0 1024 7104 ) (-1024 1024 7104 ) (-1024 1024 -8704 ) 
4 13 22 (-1024 1024 7104 ) (-1024 1024 -8704 ) (-1024 960 -8704 ) (-1024 960 7104 ) 
4 13 15 (-1024 960 7104 ) (-1024 960 -8704 ) (-960 960 -8704 ) (-960 960 7104 ) 
4 13 14 (-960 960 -8704 ) (0 960 -8704 ) (0 960 7104 ) (-960 960 7104 ) 
4 14 34 (0 0 -9088 ) (0 0 7104 ) (-960 0 7104 ) (-960 0 -9088 ) 
4 14 16 (0 512 -9088 ) (0 0 -9088 ) (-512 0 -9088 ) (-512 512 -9088 ) 
4 14 15 (-960 0 7104 ) (-960 960 7104 ) (-960 960 -8704 ) (-960 0 -8704 ) 
4 15 35 (-960 0 7104 ) (-1024 0 7104 ) (-1024 0 -8704 ) (-960 0 -8704 ) 
4 15 22 (-1024 0 -8704 ) (-1024 0 7104 ) (-1024 960 7104 ) (-1024 960 -8704 ) 
4 16 37 (0 0 -9216 ) (0 0 -9088 ) (-512 0 -9088 ) (-512 0 -9216 ) 
4 16 20 (-256 0 -9216 ) (-512 0 -9216 ) (-512 256 -9216 ) (-256 256 -9216 ) 
4 16 19 (-128 128 -9216 ) (-128 256 -9216 ) (0 256 -9216 ) (0 128 -9216 ) 
4 16 18 (-512 256 -9216 ) (-512 512 -9216 ) (-256 512 -9216 ) (-256 256 -9216 ) 
4 16 17 (-256 512 -9216 ) (0 512 -9216 ) (0 320 -9216 ) (-256 320 -9216 ) 
4 17 18 (-256 512 -9344 ) (-256 320 -9344 ) (-256 320 -9216 ) (-256 512 -9216 ) 
4 18 20 (-512 256 -9344 ) (-256 256 -9344 ) (-256 256 -9216 ) (-512 256 -9216 ) 
4 20 42 (-256 0 -9216 ) (-512 0 -9216 ) (-512 0 -9344 ) (-256 0 -9344 ) 
4 21 22 (-1024 1024 -8704 ) (-1024 1024 7104 ) (-1472 1024 7104 ) (-1472 1024 -8704 ) 
4 22 43 (-1024 0 -8704 ) (-1024 0 7104 ) (-1472 0 7104 ) (-1472 0 -8704 ) 
4 23 32 (1472 -1024 -8704 ) (1472 -1024 7104 ) (1024 -1024 7104 ) (1024 -1024 -8704 ) 
4 23 26 (1024 -1024 -8704 ) (1024 -1024 7104 ) (1024 -960 7104 ) (1024 -960 -8704 ) 
4 23 24 (1024 -960 7104 ) (1024 0 7104 ) (1024 0 -8704 ) (1024 -960 -8704 ) 
4 24 26 (1024 -960 -8704 ) (1024 -960 7104 ) (960 -960 7104 ) (960 -960 -8704 ) 
4 24 25 (960 -960 -8704 ) (960 -960 7104 ) (960 0 7104 ) (960 0 -8704 ) 
4 25 34 (0 0 7104 ) (0 0 -9088 ) (0 -960 -9088 ) (0 -960 7104 ) 
4 25 27 (0 -512 -9088 ) (0 0 -9088 ) (512 0 -9088 ) (512 -512 -9088 ) 
4 25 26 (0 -960 7104 ) (0 -960 -8704 ) (960 -960 -8704 ) (960 -960 7104 ) 
4 26 36 (0 -1024 -8704 ) (0 -1024 7104 ) (0 -960 7104 ) (0 -960 -8704 ) 
4 26 33 (1024 -1024 -8704 ) (1024 -1024 7104 ) (0 -1024 7104 ) (0 -1024 -8704 ) 
4 27 37 (0 0 -9088 ) (0 0 -9216 ) (0 -512 -9216 ) (0 -512 -9088 ) 
4 27 31 (0 -512 -9216 ) (0 -320 -9216 ) (256 -320 -9216 ) (256 -512 -9216 ) 
4 27 30 (256 -256 -9216 ) (512 -256 -9216 ) (512 -512 -9216 ) (256 -512 -9216 ) 
4 27 29 (0 -256 -9216 ) (0 -128 -9216 ) (128 -128 -9216 ) (128 -256 -9216 ) 
4 27 28 (256 0 -9216 ) (512 0 -9216 ) (512 -256 -9216 ) (256 -256 -9216 ) 
4 28 30 (256 -256 -9344 ) (512 -256 -9344 ) (512 -256 -9216 ) (256 -256 -9216 ) 
4 29 40 (0 -128 -9344 ) (0 -256 -9344 ) (0 -256 -9232 ) (0 -128 -9232 ) 
4 29 38 (0 -256 -9232 ) (0 -256 -9216 ) (0 -128 -9216 ) (0 -128 -9232 ) 
4 30 31 (256 -320 -9344 ) (256 -512 -9344 ) (256 -512 -9216 ) (256 -320 -9216 ) 
4 31 41 (0 -320 -9344 ) (0 -512 -9344 ) (0 -512 -9232 ) (0 -320 -9232 ) 
4 31 39 (0 -512 -9232 ) (0 -512 -9216 ) (0 -320 -9216 ) (0 -320 -9232 ) 
4 32 33 (1024 -1024 7104 ) (1024 -1024 -8704 ) (1024 -1472 -8704 ) (1024 -1472 7104 ) 
4 33 44 (0 -1472 -8704 ) (0 -1472 7104 ) (0 -1024 7104 ) (0 -1024 -8704 ) 
4 34 37 (-512 0 -9088 ) (0 0 -9088 ) (0 -512 -9088 ) (-512 -512 -9088 ) 
4 34 36 (0 -960 -8704 ) (0 -960 7104 ) (-960 -960 7104 ) (-960 -960 -8704 ) 
4 34 35 (-960 -960 -8704 ) (-960 -960 7104 ) (-960 0 7104 ) (-960 0 -8704 ) 
4 35 43 (-1024 0 7104 ) (-1024 0 -8704 ) (-1024 -960 -8704 ) (-1024 -960 7104 ) 
4 35 36 (-960 -960 -8704 ) (-960 -960 7104 ) (-1024 -960 7104 ) (-1024 -960 -8704 ) 
4 36 44 (0 -1024 -8704 ) (0 -1024 7104 ) (-1024 -1024 7104 ) (-1024 -1024 -8704 ) 
4 36 43 (-1024 -1024 -8704 ) (-1024 -1024 7104 ) (-1024 -960 7104 ) (-1024 -960 -8704 ) 
4 37 42 (-512 -512 -9216 ) (-512 0 -9216 ) (-256 0 -9216 ) (-256 -512 -9216 ) 
4 37 39 (0 -320 -9216 ) (0 -512 -9216 ) (-256 -512 -9216 ) (-256 -320 -9216 ) 
4 37 38 (0 -128 -9216 ) (0 -256 -9216 ) (-128 -256 -9216 ) (-128 -128 -9216 ) 
4 38 40 (-128 -128 -9232 ) (0 -128 -9232 ) (0 -256 -9232 ) (-128 -256 -9232 ) 
4 39 42 (-256 -512 -9216 ) (-256 -320 -9216 ) (-256 -320 -9232 ) (-256 -512 -9232 ) 
4 39 41 (-256 -512 -9232 ) (-256 -320 -9232 ) (0 -320 -9232 ) (0 -512 -9232 ) 
4 40 42 (-256 -128 -9344 ) (-256 -256 -9344 ) (-256 -256 -9232 ) (-256 -128 -9232 ) 
4 41 42 (-256 -320 -9344 ) (-256 -512 -9344 ) (-256 -512 -9232 ) (-256 -320 -9232 ) 
4 43 45 (-1024 -1024 -8704 ) (-1024 -1024 7104 ) (-1472 -1024 7104 ) (-1472 -1024 -8704 ) 
4 44 45 (-1024 -1024 7104 ) (-1024 -1024 -8704 ) (-1024 -1472 -8704 ) (-1024 -1472 7104 ) 
